<?xml version="1.0" encoding="UTF-8"?>
<testng-results ignored="0" total="1" passed="1" failed="0" skipped="0">
  <reporter-output>
  </reporter-output>
  <suite started-at="2025-09-19T10:57:20 UTC" name="AutomationSuite" finished-at="2025-09-19T10:57:20 UTC" duration-ms="71">
    <groups>
    </groups>
    <test started-at="2025-09-19T10:57:20 UTC" name="SampleTest" finished-at="2025-09-19T10:57:20 UTC" duration-ms="71">
      <class name="test.java.SampleTest">
        <test-method signature="testExample()[pri:0, instance:test.java.SampleTest@295cf707]" started-at="2025-09-19T10:57:20 UTC" name="testExample" finished-at="2025-09-19T10:57:20 UTC" duration-ms="9" status="PASS">
          <reporter-output>
          </reporter-output>
        </test-method> <!-- testExample -->
      </class> <!-- test.java.SampleTest -->
    </test> <!-- SampleTest -->
  </suite> <!-- AutomationSuite -->
</testng-results>
